<?xml version="1.0" encoding="UTF-8"?>
<testsuite name="com.example.bmicalculator.ExampleUnitTest" tests="1" skipped="0" failures="0" errors="0" timestamp="2025-04-04T08:05:52" hostname="DESKTOP-03K0A7S" time="0.004">
  <properties/>
  <testcase name="addition_isCorrect" classname="com.example.bmicalculator.ExampleUnitTest" time="0.004"/>
  <system-out><![CDATA[]]></system-out>
  <system-err><![CDATA[]]></system-err>
</testsuite>
